Determining if the pthread_create exist failed with the following output:
Change Dir: /home/kong/exercise/CMakeFiles/CMakeTmp

Run Build Command:"/usr/bin/make" "cmTC_17c1e/fast"
/usr/bin/make -f CMakeFiles/cmTC_17c1e.dir/build.make CMakeFiles/cmTC_17c1e.dir/build
make[1]: Entering directory '/home/kong/exercise/CMakeFiles/CMakeTmp'
Building C object CMakeFiles/cmTC_17c1e.dir/CheckSymbolExists.c.o
/usr/bin/cc     -o CMakeFiles/cmTC_17c1e.dir/CheckSymbolExists.c.o   -c /home/kong/exercise/CMakeFiles/CMakeTmp/CheckSymbolExists.c
Linking C executable cmTC_17c1e
/usr/bin/cmake -E cmake_link_script CMakeFiles/cmTC_17c1e.dir/link.txt --verbose=1
/usr/bin/cc       CMakeFiles/cmTC_17c1e.dir/CheckSymbolExists.c.o  -o cmTC_17c1e -rdynamic 
CMakeFiles/cmTC_17c1e.dir/CheckSymbolExists.c.o：在函数‘main’中：
CheckSymbolExists.c:(.text+0x16)：对‘pthread_create’未定义的引用
collect2: error: ld returned 1 exit status
CMakeFiles/cmTC_17c1e.dir/build.make:97: recipe for target 'cmTC_17c1e' failed
make[1]: *** [cmTC_17c1e] Error 1
make[1]: Leaving directory '/home/kong/exercise/CMakeFiles/CMakeTmp'
Makefile:126: recipe for target 'cmTC_17c1e/fast' failed
make: *** [cmTC_17c1e/fast] Error 2

File /home/kong/exercise/CMakeFiles/CMakeTmp/CheckSymbolExists.c:
/* */
#include <pthread.h>

int main(int argc, char** argv)
{
  (void)argv;
#ifndef pthread_create
  return ((int*)(&pthread_create))[argc];
#else
  (void)argc;
  return 0;
#endif
}

Determining if the function pthread_create exists in the pthreads failed with the following output:
Change Dir: /home/kong/exercise/CMakeFiles/CMakeTmp

Run Build Command:"/usr/bin/make" "cmTC_83fbb/fast"
/usr/bin/make -f CMakeFiles/cmTC_83fbb.dir/build.make CMakeFiles/cmTC_83fbb.dir/build
make[1]: Entering directory '/home/kong/exercise/CMakeFiles/CMakeTmp'
Building C object CMakeFiles/cmTC_83fbb.dir/CheckFunctionExists.c.o
/usr/bin/cc    -DCHECK_FUNCTION_EXISTS=pthread_create   -o CMakeFiles/cmTC_83fbb.dir/CheckFunctionExists.c.o   -c /usr/share/cmake-3.5/Modules/CheckFunctionExists.c
Linking C executable cmTC_83fbb
/usr/bin/cmake -E cmake_link_script CMakeFiles/cmTC_83fbb.dir/link.txt --verbose=1
/usr/bin/cc   -DCHECK_FUNCTION_EXISTS=pthread_create    CMakeFiles/cmTC_83fbb.dir/CheckFunctionExists.c.o  -o cmTC_83fbb -rdynamic -lpthreads 
/usr/bin/ld: 找不到 -lpthreads
collect2: error: ld returned 1 exit status
CMakeFiles/cmTC_83fbb.dir/build.make:97: recipe for target 'cmTC_83fbb' failed
make[1]: *** [cmTC_83fbb] Error 1
make[1]: Leaving directory '/home/kong/exercise/CMakeFiles/CMakeTmp'
Makefile:126: recipe for target 'cmTC_83fbb/fast' failed
make: *** [cmTC_83fbb/fast] Error 2


